#
# A fatal error has been detected by the Java Runtime Environment:
#
#  EXCEPTION_ACCESS_VIOLATION (0xc0000005) at pc=0x0000000053b2667d, pid=10608, tid=0x00000000000003f0
#
# JRE version: OpenJDK Runtime Environment (8.0_76-b03) (build 1.8.0_76-release-b03)
# Java VM: OpenJDK 64-Bit Server VM (25.76-b03 mixed mode windows-amd64 compressed oops)
# Problematic frame:
# V  [jvm.dll+0x46667d]
#
# Failed to write core dump. Minidumps are not enabled by default on client versions of Windows
#
# If you would like to submit a bug report, please visit:
#   http://bugreport.java.com/bugreport/crash.jsp
#

---------------  T H R E A D  ---------------

Current thread (0x000000001684f800):  JavaThread "C2 CompilerThread1" daemon [_thread_in_native, id=1008, stack(0x0000000017f90000,0x0000000018090000)]

siginfo: ExceptionCode=0xc0000005, reading address 0xffffffffffffffff

Registers:
RAX=0x000000001808eda0, RBX=0x0001000053e7a418, RCX=0x0000000000000007, RDX=0x00000000181b5c20
RSP=0x000000001808c580, RBP=0x0000000000000020, RSI=0x0000000000000004, RDI=0x000000001c8c81f0
R8 =0xfffffffffffffff8, R9 =0x000000001808c600, R10=0x0000000053e7a418, R11=0x00000000536c0000
R12=0x00000000000041b0, R13=0x00000000000521c0, R14=0x0000000000000836, R15=0x0000000000000000
RIP=0x0000000053b2667d, EFLAGS=0x0000000000010246

Top of Stack: (sp=0x000000001808c580)
0x000000001808c580:   000000001808c730 00000000000000d5
0x000000001808c590:   00000000000006a8 000000001c521f88
0x000000001808c5a0:   000000001808c730 0000000053b3f1c4
0x000000001808c5b0:   0000000000000004 000000001c8c81f0
0x000000001808c5c0:   00000000198856a8 0000000000000000
0x000000001808c5d0:   fffffffffffffff8 0000000016815840
0x000000001808c5e0:   0000000019b05d30 00000000002ef828
0x000000001808c5f0:   0000000019b0a3d0 0000000019b0dd18
0x000000001808c600:   0000000053cef3f8 0000000016815840
0x000000001808c610:   0000000000000080 0000000018bd77e0
0x000000001808c620:   000000001808c6f0 00000000000003d8
0x000000001808c630:   000000001967a4e8 000000001967a110
0x000000001808c640:   0000000000000000 000000001967a100
0x000000001808c650:   000000001808c770 000000001808c9e0
0x000000001808c660:   000000001808caf0 0000000053aee7f3
0x000000001808c670:   0000000000000000 0000000000000001 

Instructions: (pc=0x0000000053b2667d)
0x0000000053b2665d:   f2 48 8b 1c f0 ff 15 30 8d 13 00 48 8b 90 b8 03
0x0000000053b2666d:   00 00 48 8b 82 88 00 00 00 48 8b 90 e8 07 00 00
0x0000000053b2667d:   48 89 13 8b 0d 02 de 2f 00 ff 15 0c 8d 13 00 48
0x0000000053b2668d:   8b 88 b8 03 00 00 48 8b 81 88 00 00 00 48 8d 0d 


Register to memory mapping:

RAX=0x000000001808eda0 is pointing into the stack for thread: 0x000000001684f800
RBX=0x0001000053e7a418 is an unknown value
RCX=0x0000000000000007 is an unknown value
RDX=0x00000000181b5c20 is an unknown value
RSP=0x000000001808c580 is pointing into the stack for thread: 0x000000001684f800
RBP=0x0000000000000020 is an unknown value
RSI=0x0000000000000004 is an unknown value
RDI=0x000000001c8c81f0 is an unknown value
R8 =0xfffffffffffffff8 is an unknown value
R9 =0x000000001808c600 is pointing into the stack for thread: 0x000000001684f800
R10=0x0000000053e7a418 is an unknown value
R11=0x00000000536c0000 is an unknown value
R12=0x00000000000041b0 is an unknown value
R13=0x00000000000521c0 is an unknown value
R14=0x0000000000000836 is an unknown value
R15=0x0000000000000000 is an unknown value


Stack: [0x0000000017f90000,0x0000000018090000],  sp=0x000000001808c580,  free space=1009k
Native frames: (J=compiled Java code, j=interpreted, Vv=VM code, C=native code)
V  [jvm.dll+0x46667d]
V  [jvm.dll+0x47f1c4]
V  [jvm.dll+0x42e7f3]
V  [jvm.dll+0x43931b]
V  [jvm.dll+0x43badf]
V  [jvm.dll+0x41f212]
V  [jvm.dll+0x806e9]
V  [jvm.dll+0x8101f]
V  [jvm.dll+0x21bc14]
V  [jvm.dll+0x26b60a]
C  [msvcr100.dll+0x21d9f]
C  [msvcr100.dll+0x21e3b]
C  [KERNEL32.DLL+0x8364]
C  [ntdll.dll+0x670d1]


Current CompileTask:
C2:   2458 1511       4       java.net.URLClassLoader$1::run (5 bytes)


---------------  P R O C E S S  ---------------

Java Threads: ( => current thread )
  0x000000001948f800 JavaThread "Stdin handler" [_thread_blocked, id=10868, stack(0x000000001acf0000,0x000000001adf0000)]
  0x0000000019487000 JavaThread "Asynchronous log dispatcher for org.gradle.launcher.daemon.server.DefaultDaemonConnection@5318f4b6" [_thread_blocked, id=10136, stack(0x000000001abf0000,0x000000001acf0000)]
  0x00000000196b7000 JavaThread "Daemon worker" [_thread_in_native, id=10680, stack(0x000000001aaf0000,0x000000001abf0000)]
  0x0000000019496800 JavaThread "Cancel handler" [_thread_blocked, id=8336, stack(0x000000001a9f0000,0x000000001aaf0000)]
  0x0000000019680800 JavaThread "Handler for socket connection from /127.0.0.1:53196 to /127.0.0.1:53198" [_thread_in_native, id=6312, stack(0x000000001a8f0000,0x000000001a9f0000)]
  0x000000001967f800 JavaThread "Daemon" [_thread_blocked, id=10196, stack(0x000000001a7f0000,0x000000001a8f0000)]
  0x0000000019513800 JavaThread "pool-1-thread-1" [_thread_blocked, id=8436, stack(0x000000001a6f0000,0x000000001a7f0000)]
  0x0000000019451800 JavaThread "Incoming local TCP Connector on port 53196" [_thread_in_native, id=10668, stack(0x0000000018f90000,0x0000000019090000)]
  0x00000000181b8800 JavaThread "Service Thread" daemon [_thread_blocked, id=10224, stack(0x0000000018590000,0x0000000018690000)]
  0x000000001685c800 JavaThread "C1 CompilerThread2" daemon [_thread_blocked, id=11020, stack(0x0000000018090000,0x0000000018190000)]
=>0x000000001684f800 JavaThread "C2 CompilerThread1" daemon [_thread_in_native, id=1008, stack(0x0000000017f90000,0x0000000018090000)]
  0x000000001684d800 JavaThread "C2 CompilerThread0" daemon [_thread_in_native, id=6936, stack(0x0000000017e90000,0x0000000017f90000)]
  0x000000001684a800 JavaThread "Attach Listener" daemon [_thread_blocked, id=1840, stack(0x0000000017d90000,0x0000000017e90000)]
  0x0000000016849800 JavaThread "Signal Dispatcher" daemon [_thread_blocked, id=10856, stack(0x0000000017c90000,0x0000000017d90000)]
  0x0000000016837000 JavaThread "Finalizer" daemon [_thread_blocked, id=8504, stack(0x0000000017aa0000,0x0000000017ba0000)]
  0x0000000002ed0000 JavaThread "Reference Handler" daemon [_thread_blocked, id=11080, stack(0x00000000179a0000,0x0000000017aa0000)]
  0x0000000002dde800 JavaThread "main" [_thread_blocked, id=5604, stack(0x0000000002c00000,0x0000000002d00000)]

Other Threads:
  0x0000000016814800 VMThread [stack: 0x00000000178a0000,0x00000000179a0000] [id=1864]
  0x00000000181c9800 WatcherThread [stack: 0x0000000018690000,0x0000000018790000] [id=10896]

VM state:not at safepoint (normal execution)

VM Mutex/Monitor currently owned by a thread: None

Heap:
 PSYoungGen      total 18432K, used 11818K [0x00000000e0000000, 0x00000000e2d00000, 0x0000000100000000)
  eden space 15872K, 58% used [0x00000000e0000000,0x00000000e090eab0,0x00000000e0f80000)
  from space 2560K, 99% used [0x00000000e0f80000,0x00000000e11fc010,0x00000000e1200000)
  to   space 7168K, 0% used [0x00000000e2600000,0x00000000e2600000,0x00000000e2d00000)
 ParOldGen       total 42496K, used 8032K [0x00000000a0000000, 0x00000000a2980000, 0x00000000e0000000)
  object space 42496K, 18% used [0x00000000a0000000,0x00000000a07d82e8,0x00000000a2980000)
 Metaspace       used 18072K, capacity 18402K, committed 18688K, reserved 1064960K
  class space    used 2407K, capacity 2525K, committed 2560K, reserved 1048576K

Card table byte_map: [0x00000000122a0000,0x00000000125b0000] byte_map_base: 0x0000000011da0000

Marking Bits: (ParMarkBitMap*) 0x0000000053e79d00
 Begin Bits: [0x0000000012bb0000, 0x00000000143b0000)
 End Bits:   [0x00000000143b0000, 0x0000000015bb0000)

Polling page: 0x00000000013d0000

CodeCache: size=245760Kb used=5108Kb max_used=5108Kb free=240652Kb
 bounds [0x0000000002ee0000, 0x00000000033e0000, 0x0000000011ee0000]
 total_blobs=1937 nmethods=1559 adapters=291
 compilation: enabled

Compilation events (10 events):
Event: 2.266 Thread 0x000000001685c800 1557       3       java.util.regex.Pattern$Ctype::isSatisfiedBy (24 bytes)
Event: 2.266 Thread 0x000000001685c800 nmethod 1557 0x00000000033dc6d0 code [0x00000000033dc840, 0x00000000033dcbd0]
Event: 2.266 Thread 0x000000001685c800 1558       3       java.util.regex.Pattern$5::isSatisfiedBy (28 bytes)
Event: 2.266 Thread 0x000000001685c800 nmethod 1558 0x00000000033dcd50 code [0x00000000033dcee0, 0x00000000033dd278]
Event: 2.267 Thread 0x000000001685c800 1559       3       java.io.WinNTFileSystem::parentOrNull (171 bytes)
Event: 2.268 Thread 0x000000001685c800 nmethod 1559 0x00000000033dd390 code [0x00000000033dd5c0, 0x00000000033de318]
Event: 2.369 Thread 0x000000001685c800 1560       3       java.util.concurrent.locks.LockSupport::setBlocker (12 bytes)
Event: 2.370 Thread 0x000000001685c800 nmethod 1560 0x00000000033de810 code [0x00000000033de960, 0x00000000033deab0]
Event: 2.433 Thread 0x000000001685c800 1561       3       java.lang.Thread::interrupted (8 bytes)
Event: 2.434 Thread 0x000000001685c800 nmethod 1561 0x00000000033deb10 code [0x00000000033dec80, 0x00000000033dee08]

GC Heap History (10 events):
Event: 0.560 GC heap before
{Heap before GC invocations=1 (full 0):
 PSYoungGen      total 18432K, used 15872K [0x00000000e0000000, 0x00000000e1480000, 0x0000000100000000)
  eden space 15872K, 100% used [0x00000000e0000000,0x00000000e0f80000,0x00000000e0f80000)
  from space 2560K, 0% used [0x00000000e1200000,0x00000000e1200000,0x00000000e1480000)
  to   space 2560K, 0% used [0x00000000e0f80000,0x00000000e0f80000,0x00000000e1200000)
 ParOldGen       total 42496K, used 0K [0x00000000a0000000, 0x00000000a2980000, 0x00000000e0000000)
  object space 42496K, 0% used [0x00000000a0000000,0x00000000a0000000,0x00000000a2980000)
 Metaspace       used 5893K, capacity 6210K, committed 6528K, reserved 1056768K
  class space    used 744K, capacity 794K, committed 896K, reserved 1048576K
Event: 0.564 GC heap after
Heap after GC invocations=1 (full 0):
 PSYoungGen      total 18432K, used 2556K [0x00000000e0000000, 0x00000000e1480000, 0x0000000100000000)
  eden space 15872K, 0% used [0x00000000e0000000,0x00000000e0000000,0x00000000e0f80000)
  from space 2560K, 99% used [0x00000000e0f80000,0x00000000e11ff050,0x00000000e1200000)
  to   space 2560K, 0% used [0x00000000e1200000,0x00000000e1200000,0x00000000e1480000)
 ParOldGen       total 42496K, used 545K [0x00000000a0000000, 0x00000000a2980000, 0x00000000e0000000)
  object space 42496K, 1% used [0x00000000a0000000,0x00000000a00885e8,0x00000000a2980000)
 Metaspace       used 5893K, capacity 6210K, committed 6528K, reserved 1056768K
  class space    used 744K, capacity 794K, committed 896K, reserved 1048576K
}
Event: 0.805 GC heap before
{Heap before GC invocations=2 (full 0):
 PSYoungGen      total 18432K, used 18428K [0x00000000e0000000, 0x00000000e1480000, 0x0000000100000000)
  eden space 15872K, 100% used [0x00000000e0000000,0x00000000e0f80000,0x00000000e0f80000)
  from space 2560K, 99% used [0x00000000e0f80000,0x00000000e11ff050,0x00000000e1200000)
  to   space 2560K, 0% used [0x00000000e1200000,0x00000000e1200000,0x00000000e1480000)
 ParOldGen       total 42496K, used 545K [0x00000000a0000000, 0x00000000a2980000, 0x00000000e0000000)
  object space 42496K, 1% used [0x00000000a0000000,0x00000000a00885e8,0x00000000a2980000)
 Metaspace       used 6204K, capacity 6458K, committed 6528K, reserved 1056768K
  class space    used 796K, capacity 834K, committed 896K, reserved 1048576K
Event: 0.808 GC heap after
Heap after GC invocations=2 (full 0):
 PSYoungGen      total 18432K, used 2162K [0x00000000e0000000, 0x00000000e1480000, 0x0000000100000000)
  eden space 15872K, 0% used [0x00000000e0000000,0x00000000e0000000,0x00000000e0f80000)
  from space 2560K, 84% used [0x00000000e1200000,0x00000000e141cb70,0x00000000e1480000)
  to   space 2560K, 0% used [0x00000000e0f80000,0x00000000e0f80000,0x00000000e1200000)
 ParOldGen       total 42496K, used 553K [0x00000000a0000000, 0x00000000a2980000, 0x00000000e0000000)
  object space 42496K, 1% used [0x00000000a0000000,0x00000000a008a5e8,0x00000000a2980000)
 Metaspace       used 6204K, capacity 6458K, committed 6528K, reserved 1056768K
  class space    used 796K, capacity 834K, committed 896K, reserved 1048576K
}
Event: 1.522 GC heap before
{Heap before GC invocations=3 (full 0):
 PSYoungGen      total 18432K, used 18034K [0x00000000e0000000, 0x00000000e1480000, 0x0000000100000000)
  eden space 15872K, 100% used [0x00000000e0000000,0x00000000e0f80000,0x00000000e0f80000)
  from space 2560K, 84% used [0x00000000e1200000,0x00000000e141cb70,0x00000000e1480000)
  to   space 2560K, 0% used [0x00000000e0f80000,0x00000000e0f80000,0x00000000e1200000)
 ParOldGen       total 42496K, used 553K [0x00000000a0000000, 0x00000000a2980000, 0x00000000e0000000)
  object space 42496K, 1% used [0x00000000a0000000,0x00000000a008a5e8,0x00000000a2980000)
 Metaspace       used 11197K, capacity 11590K, committed 11904K, reserved 1058816K
  class space    used 1440K, capacity 1587K, committed 1664K, reserved 1048576K
Event: 1.527 GC heap after
Heap after GC invocations=3 (full 0):
 PSYoungGen      total 18432K, used 2560K [0x00000000e0000000, 0x00000000e1480000, 0x0000000100000000)
  eden space 15872K, 0% used [0x00000000e0000000,0x00000000e0000000,0x00000000e0f80000)
  from space 2560K, 100% used [0x00000000e0f80000,0x00000000e1200000,0x00000000e1200000)
  to   space 2560K, 0% used [0x00000000e1200000,0x00000000e1200000,0x00000000e1480000)
 ParOldGen       total 42496K, used 2167K [0x00000000a0000000, 0x00000000a2980000, 0x00000000e0000000)
  object space 42496K, 5% used [0x00000000a0000000,0x00000000a021dd70,0x00000000a2980000)
 Metaspace       used 11197K, capacity 11590K, committed 11904K, reserved 1058816K
  class space    used 1440K, capacity 1587K, committed 1664K, reserved 1048576K
}
Event: 1.744 GC heap before
{Heap before GC invocations=4 (full 0):
 PSYoungGen      total 18432K, used 18432K [0x00000000e0000000, 0x00000000e1480000, 0x0000000100000000)
  eden space 15872K, 100% used [0x00000000e0000000,0x00000000e0f80000,0x00000000e0f80000)
  from space 2560K, 100% used [0x00000000e0f80000,0x00000000e1200000,0x00000000e1200000)
  to   space 2560K, 0% used [0x00000000e1200000,0x00000000e1200000,0x00000000e1480000)
 ParOldGen       total 42496K, used 2167K [0x00000000a0000000, 0x00000000a2980000, 0x00000000e0000000)
  object space 42496K, 5% used [0x00000000a0000000,0x00000000a021dd70,0x00000000a2980000)
 Metaspace       used 12937K, capacity 13226K, committed 13440K, reserved 1060864K
  class space    used 1735K, capacity 1849K, committed 1920K, reserved 1048576K
Event: 1.751 GC heap after
Heap after GC invocations=4 (full 0):
 PSYoungGen      total 18432K, used 2544K [0x00000000e0000000, 0x00000000e2400000, 0x0000000100000000)
  eden space 15872K, 0% used [0x00000000e0000000,0x00000000e0000000,0x00000000e0f80000)
  from space 2560K, 99% used [0x00000000e1200000,0x00000000e147c010,0x00000000e1480000)
  to   space 2560K, 0% used [0x00000000e0f80000,0x00000000e0f80000,0x00000000e1200000)
 ParOldGen       total 42496K, used 4130K [0x00000000a0000000, 0x00000000a2980000, 0x00000000e0000000)
  object space 42496K, 9% used [0x00000000a0000000,0x00000000a0408ae0,0x00000000a2980000)
 Metaspace       used 12937K, capacity 13226K, committed 13440K, reserved 1060864K
  class space    used 1735K, capacity 1849K, committed 1920K, reserved 1048576K
}
Event: 2.062 GC heap before
{Heap before GC invocations=5 (full 0):
 PSYoungGen      total 18432K, used 18416K [0x00000000e0000000, 0x00000000e2400000, 0x0000000100000000)
  eden space 15872K, 100% used [0x00000000e0000000,0x00000000e0f80000,0x00000000e0f80000)
  from space 2560K, 99% used [0x00000000e1200000,0x00000000e147c010,0x00000000e1480000)
  to   space 2560K, 0% used [0x00000000e0f80000,0x00000000e0f80000,0x00000000e1200000)
 ParOldGen       total 42496K, used 4130K [0x00000000a0000000, 0x00000000a2980000, 0x00000000e0000000)
  object space 42496K, 9% used [0x00000000a0000000,0x00000000a0408ae0,0x00000000a2980000)
 Metaspace       used 16950K, capacity 17322K, committed 17536K, reserved 1064960K
  class space    used 2222K, capacity 2361K, committed 2432K, reserved 1048576K
Event: 2.070 GC heap after
Heap after GC invocations=5 (full 0):
 PSYoungGen      total 18432K, used 2544K [0x00000000e0000000, 0x00000000e2d00000, 0x0000000100000000)
  eden space 15872K, 0% used [0x00000000e0000000,0x00000000e0000000,0x00000000e0f80000)
  from space 2560K, 99% used [0x00000000e0f80000,0x00000000e11fc010,0x00000000e1200000)
  to   space 7168K, 0% used [0x00000000e2600000,0x00000000e2600000,0x00000000e2d00000)
 ParOldGen       total 42496K, used 8032K [0x00000000a0000000, 0x00000000a2980000, 0x00000000e0000000)
  object space 42496K, 18% used [0x00000000a0000000,0x00000000a07d82e8,0x00000000a2980000)
 Metaspace       used 16950K, capacity 17322K, committed 17536K, reserved 1064960K
  class space    used 2222K, capacity 2361K, committed 2432K, reserved 1048576K
}

Deoptimization events (10 events):
Event: 1.553 Thread 0x00000000196b7000 Uncommon trap: reason=bimorphic action=maybe_recompile pc=0x000000000314d06c method=java.util.HashMap.putVal(ILjava/lang/Object;Ljava/lang/Object;ZZ)Ljava/lang/Object; @ 253
Event: 1.553 Thread 0x00000000196b7000 Uncommon trap: reason=bimorphic action=maybe_recompile pc=0x000000000314d06c method=java.util.HashMap.putVal(ILjava/lang/Object;Ljava/lang/Object;ZZ)Ljava/lang/Object; @ 253
Event: 2.083 Thread 0x00000000196b7000 Uncommon trap: reason=class_check action=maybe_recompile pc=0x00000000031166dc method=java.util.regex.Matcher.match(II)Z @ 86
Event: 2.083 Thread 0x00000000196b7000 Uncommon trap: reason=class_check action=maybe_recompile pc=0x00000000031166dc method=java.util.regex.Matcher.match(II)Z @ 86
Event: 2.125 Thread 0x00000000196b7000 Uncommon trap: reason=class_check action=maybe_recompile pc=0x0000000003395f74 method=org.gradle.internal.service.DefaultServiceRegistry$SingletonService.getService(Lorg/gradle/internal/service/DefaultServiceRegistry$LookupContext;Lorg/gradle/internal/serv3Þû¨
Event: 2.125 Thread 0x00000000196b7000 Uncommon trap: reason=class_check action=maybe_recompile pc=0x0000000003395f74 method=org.gradle.internal.service.DefaultServiceRegistry$SingletonService.getService(Lorg/gradle/internal/service/DefaultServiceRegistry$LookupContext;Lorg/gradle/internal/servÝùú\´
Event: 2.125 Thread 0x00000000196b7000 Uncommon trap: reason=class_check action=maybe_recompile pc=0x0000000003395f74 method=org.gradle.internal.service.DefaultServiceRegistry$SingletonService.getService(Lorg/gradle/internal/service/DefaultServiceRegistry$LookupContext;Lorg/gradle/internal/servµÎ1Á
Event: 2.125 Thread 0x00000000196b7000 Uncommon trap: reason=class_check action=maybe_recompile pc=0x0000000003395f74 method=org.gradle.internal.service.DefaultServiceRegistry$SingletonService.getService(Lorg/gradle/internal/service/DefaultServiceRegistry$LookupContext;Lorg/gradle/internal/servzm»k5À@
Event: 2.219 Thread 0x00000000196b7000 Uncommon trap: reason=unstable_if action=reinterpret pc=0x00000000031b2bec method=java.lang.AbstractStringBuilder.append(Ljava/lang/String;)Ljava/lang/AbstractStringBuilder; @ 1
Event: 2.220 Thread 0x00000000196b7000 Uncommon trap: reason=unstable_if action=reinterpret pc=0x0000000003128c54 method=java.lang.AbstractStringBuilder.append(Ljava/lang/String;)Ljava/lang/AbstractStringBuilder; @ 1

Internal exceptions (10 events):
Event: 1.959 Thread 0x00000000196b7000 Exception <a 'java/lang/ClassNotFoundException': org/gradle/api/internal/plugins/DefaultExtraPropertiesExtensionBeanInfo> (0x00000000e09cbea0) thrown at [C:\src\android\AOSP-openjdk\external\jetbrains\jdk\hotspot\src\share\vm\classfile\systemDictionary.cppÑ•tÇoYÿ?
Event: 1.959 Thread 0x00000000196b7000 Exception <a 'java/lang/ClassNotFoundException': groovy/lang/GroovyObjectSupportBeanInfo> (0x00000000e09d7cd8) thrown at [C:\src\android\AOSP-openjdk\external\jetbrains\jdk\hotspot\src\share\vm\classfile\systemDictionary.cpp, line 210]
Event: 1.960 Thread 0x00000000196b7000 Exception <a 'java/lang/ClassNotFoundException': groovy/lang/GroovyObjectSupportCustomizer> (0x00000000e09e3e98) thrown at [C:\src\android\AOSP-openjdk\external\jetbrains\jdk\hotspot\src\share\vm\classfile\systemDictionary.cpp, line 210]
Event: 1.960 Thread 0x00000000196b7000 Exception <a 'java/lang/ClassNotFoundException': org/gradle/api/internal/plugins/DefaultExtraPropertiesExtensionCustomizer> (0x00000000e09fa328) thrown at [C:\src\android\AOSP-openjdk\external\jetbrains\jdk\hotspot\src\share\vm\classfile\systemDictionary.c·€B”M@
Event: 2.163 Thread 0x00000000196b7000 Exception <a 'java/lang/NoSuchMethodError': <clinit>> (0x00000000e064d588) thrown at [C:\src\android\AOSP-openjdk\external\jetbrains\jdk\hotspot\src\share\vm\prims\jni.cpp, line 1591]
Event: 2.163 Thread 0x00000000196b7000 Exception <a 'java/lang/NoSuchMethodError': <clinit>> (0x00000000e064fd40) thrown at [C:\src\android\AOSP-openjdk\external\jetbrains\jdk\hotspot\src\share\vm\prims\jni.cpp, line 1591]
Event: 2.164 Thread 0x00000000196b7000 Exception <a 'java/lang/NoSuchMethodError': <clinit>> (0x00000000e065c020) thrown at [C:\src\android\AOSP-openjdk\external\jetbrains\jdk\hotspot\src\share\vm\prims\jni.cpp, line 1591]
Event: 2.165 Thread 0x00000000196b7000 Exception <a 'java/lang/NoSuchMethodError': <clinit>> (0x00000000e0666490) thrown at [C:\src\android\AOSP-openjdk\external\jetbrains\jdk\hotspot\src\share\vm\prims\jni.cpp, line 1591]
Event: 2.219 Thread 0x00000000196b7000 Implicit null exception at 0x00000000031b2896 to 0x00000000031b2bd5
Event: 2.220 Thread 0x00000000196b7000 Implicit null exception at 0x0000000003128916 to 0x0000000003128c3d

Events (10 events):
Event: 2.262 loading class org/gradle/groovy/scripts/internal/RemappingScriptSource
Event: 2.262 loading class org/gradle/groovy/scripts/internal/RemappingScriptSource done
Event: 2.263 loading class org/gradle/groovy/scripts/internal/FileCacheBackedScriptClassCompiler$ProgressReportingInitializer
Event: 2.263 loading class org/gradle/groovy/scripts/internal/FileCacheBackedScriptClassCompiler$ProgressReportingInitializer done
Event: 2.263 loading class org/gradle/groovy/scripts/internal/FileCacheBackedScriptClassCompiler$RemapBuildScriptsAction
Event: 2.263 loading class org/gradle/groovy/scripts/internal/FileCacheBackedScriptClassCompiler$RemapBuildScriptsAction done
Event: 2.264 loading class org/gradle/groovy/scripts/internal/FileCacheBackedScriptClassCompiler$BuildScriptRemapper
Event: 2.264 loading class org/gradle/groovy/scripts/internal/FileCacheBackedScriptClassCompiler$BuildScriptRemapper done
Event: 2.265 loading class org/objectweb/asm/Opcodes
Event: 2.265 loading class org/objectweb/asm/Opcodes done


Dynamic libraries:
0x00007ff7759f0000 - 0x00007ff775a21000 	C:\Android\android\jre\bin\java.exe
0x00007ffea32c0000 - 0x00007ffea3491000 	C:\WINDOWS\SYSTEM32\ntdll.dll
0x00007ffea1630000 - 0x00007ffea16db000 	C:\WINDOWS\System32\KERNEL32.DLL
0x00007ffea0340000 - 0x00007ffea055d000 	C:\WINDOWS\System32\KERNELBASE.dll
0x00007ffea16e0000 - 0x00007ffea1782000 	C:\WINDOWS\System32\ADVAPI32.dll
0x00007ffea1550000 - 0x00007ffea15ee000 	C:\WINDOWS\System32\msvcrt.dll
0x00007ffea1800000 - 0x00007ffea1859000 	C:\WINDOWS\System32\sechost.dll
0x00007ffea0850000 - 0x00007ffea0971000 	C:\WINDOWS\System32\RPCRT4.dll
0x00007ffea30e0000 - 0x00007ffea3245000 	C:\WINDOWS\System32\USER32.dll
0x00007ffea05d0000 - 0x00007ffea05ee000 	C:\WINDOWS\System32\win32u.dll
0x00007ffea15f0000 - 0x00007ffea1624000 	C:\WINDOWS\System32\GDI32.dll
0x00007ffe9f7b0000 - 0x00007ffe9f932000 	C:\WINDOWS\System32\gdi32full.dll
0x00007ffe971f0000 - 0x00007ffe9746a000 	C:\WINDOWS\WinSxS\amd64_microsoft.windows.common-controls_6595b64144ccf1df_6.0.14393.953_none_42151e83c686086b\COMCTL32.dll
0x00007ffea10e0000 - 0x00007ffea13a8000 	C:\WINDOWS\System32\combase.dll
0x00007ffe9fb60000 - 0x00007ffe9fc55000 	C:\WINDOWS\System32\ucrtbase.dll
0x00007ffea0560000 - 0x00007ffea05ca000 	C:\WINDOWS\System32\bcryptPrimitives.dll
0x00007ffea1480000 - 0x00007ffea14ae000 	C:\WINDOWS\System32\IMM32.DLL
0x0000000053500000 - 0x00000000535d2000 	C:\Android\android\jre\jre\bin\msvcr100.dll
0x00000000536c0000 - 0x0000000053ef4000 	C:\Android\android\jre\jre\bin\server\jvm.dll
0x00007ffea0980000 - 0x00007ffea0988000 	C:\WINDOWS\System32\PSAPI.DLL
0x00007ffe9cd60000 - 0x00007ffe9cd83000 	C:\WINDOWS\SYSTEM32\WINMM.dll
0x00007ffe9dc60000 - 0x00007ffe9dc6a000 	C:\WINDOWS\SYSTEM32\VERSION.dll
0x00007ffe89ca0000 - 0x00007ffe89ca9000 	C:\WINDOWS\SYSTEM32\WSOCK32.dll
0x00007ffe9cd00000 - 0x00007ffe9cd2b000 	C:\WINDOWS\SYSTEM32\WINMMBASE.dll
0x00007ffea19a0000 - 0x00007ffea1a0a000 	C:\WINDOWS\System32\WS2_32.dll
0x00007ffe9fb10000 - 0x00007ffe9fb52000 	C:\WINDOWS\System32\cfgmgr32.dll
0x00007ffe93f20000 - 0x00007ffe93f2f000 	C:\Android\android\jre\jre\bin\verify.dll
0x00007ffe887e0000 - 0x00007ffe88809000 	C:\Android\android\jre\jre\bin\java.dll
0x00007ffe89600000 - 0x00007ffe89616000 	C:\Android\android\jre\jre\bin\zip.dll
0x00007ffea1bb0000 - 0x00007ffea30b8000 	C:\WINDOWS\System32\SHELL32.dll
0x00007ffe9fc60000 - 0x00007ffea033a000 	C:\WINDOWS\System32\windows.storage.dll
0x00007ffe9f750000 - 0x00007ffe9f79c000 	C:\WINDOWS\System32\powrprof.dll
0x00007ffea1420000 - 0x00007ffea1472000 	C:\WINDOWS\System32\shlwapi.dll
0x00007ffe9f740000 - 0x00007ffe9f74f000 	C:\WINDOWS\System32\kernel.appcore.dll
0x00007ffea0690000 - 0x00007ffea0739000 	C:\WINDOWS\System32\shcore.dll
0x00007ffe9f720000 - 0x00007ffe9f734000 	C:\WINDOWS\System32\profapi.dll
0x00007ffe888d0000 - 0x00007ffe888ea000 	C:\Android\android\jre\jre\bin\net.dll
0x00007ffe9ecf0000 - 0x00007ffe9ed4c000 	C:\WINDOWS\system32\mswsock.dll
0x00007ffe86d50000 - 0x00007ffe86d61000 	C:\Android\android\jre\jre\bin\nio.dll
0x00007ffe99440000 - 0x00007ffe99452000 	C:\Users\vadim\.gradle\native\19\windows-amd64\native-platform.dll
0x00007ffe9f0e0000 - 0x00007ffe9f0f7000 	C:\WINDOWS\SYSTEM32\CRYPTSP.dll
0x00007ffe9e8f0000 - 0x00007ffe9e923000 	C:\WINDOWS\system32\rsaenh.dll
0x00007ffe9f660000 - 0x00007ffe9f68b000 	C:\WINDOWS\SYSTEM32\bcrypt.dll
0x00007ffe9eb70000 - 0x00007ffe9eb8f000 	C:\WINDOWS\SYSTEM32\USERENV.dll
0x00007ffe9f650000 - 0x00007ffe9f65b000 	C:\WINDOWS\SYSTEM32\CRYPTBASE.dll
0x00007ffe9ea70000 - 0x00007ffe9eaa8000 	C:\WINDOWS\SYSTEM32\IPHLPAPI.DLL
0x00007ffea32b0000 - 0x00007ffea32b8000 	C:\WINDOWS\System32\NSI.dll
0x00007ffe98fa0000 - 0x00007ffe98fb6000 	C:\WINDOWS\SYSTEM32\dhcpcsvc6.DLL
0x00007ffe98f40000 - 0x00007ffe98f5a000 	C:\WINDOWS\SYSTEM32\dhcpcsvc.DLL
0x00007ffe93800000 - 0x00007ffe9380d000 	C:\Android\android\jre\jre\bin\management.dll
0x00007ffe9f390000 - 0x00007ffe9f522000 	C:\WINDOWS\SYSTEM32\dbghelp.dll

VM Arguments:
jvm_args: -Xmx1536m -Dfile.encoding=windows-1251 -Duser.country=RU -Duser.language=ru -Duser.variant 
java_command: org.gradle.launcher.daemon.bootstrap.GradleDaemon 2.14.1
java_class_path (initial): C:\Android\android\gradle\gradle-2.14.1\lib\gradle-launcher-2.14.1.jar
Launcher Type: SUN_STANDARD

Environment Variables:
PATH=C:\ProgramData\Oracle\Java\javapath;C:\WINDOWS\system32;C:\WINDOWS;C:\WINDOWS\System32\Wbem;C:\WINDOWS\System32\WindowsPowerShell\v1.0\;C:\Program Files (x86)\Skype\Phone\;C:\Users\vadim\AppData\Local\Microsoft\WindowsApps;
USERNAME=vadim
OS=Windows_NT
PROCESSOR_IDENTIFIER=Intel64 Family 6 Model 58 Stepping 9, GenuineIntel



---------------  S Y S T E M  ---------------

OS: Windows 10.0 , 64 bit Build 14393 (10.0.14393.0)

CPU:total 4 (2 cores per cpu, 2 threads per core) family 6 model 58 stepping 9, cmov, cx8, fxsr, mmx, sse, sse2, sse3, ssse3, sse4.1, sse4.2, popcnt, avx, aes, clmul, erms, ht, tsc, tscinvbit, tscinv

Memory: 4k page, physical 4005144k(877480k free), swap 6960876k(1750148k free)

vm_info: OpenJDK 64-Bit Server VM (25.76-b03) for windows-amd64 JRE (1.8.0_76-release-b03), built on Jun 29 2016 19:09:20 by "ralucas" with MS VC++ 10.0 (VS2010)

time: Wed Apr 26 12:24:16 2017
elapsed time: 2 seconds (0d 0h 0m 2s)

