#
# A fatal error has been detected by the Java Runtime Environment:
#
#  EXCEPTION_ACCESS_VIOLATION (0xc0000005) at pc=0x0000000053b468c0, pid=8796, tid=0x00000000000029f8
#
# JRE version: OpenJDK Runtime Environment (8.0_76-b03) (build 1.8.0_76-release-b03)
# Java VM: OpenJDK 64-Bit Server VM (25.76-b03 mixed mode windows-amd64 compressed oops)
# Problematic frame:
# V  [jvm.dll+0x4868c0]
#
# Failed to write core dump. Minidumps are not enabled by default on client versions of Windows
#
# If you would like to submit a bug report, please visit:
#   http://bugreport.java.com/bugreport/crash.jsp
#

---------------  T H R E A D  ---------------

Current thread (0x000000001601d800):  JavaThread "C2 CompilerThread0" daemon [_thread_in_native, id=10744, stack(0x0000000017660000,0x0000000017760000)]

siginfo: ExceptionCode=0xc0000005, reading address 0xffffffffffffffff

Registers:
RAX=0x000000001ca3a0f0, RBX=0x000000001d481f60, RCX=0x000000000000118b, RDX=0x000000001cdb8dd0
RSP=0x000000001775b810, RBP=0x0000000000000013, RSI=0x00000000000013a4, RDI=0x000000001775b928
R8 =0x00000000000000d2, R9 =0x0000000000010000, R10=0x000000001775bd00, R11=0x000000001c838650
R12=0x0000000000000001, R13=0x000100001caa8e98, R14=0x000000001775b8b8, R15=0x000000001775b8d8
RIP=0x0000000053b468c0, EFLAGS=0x0000000000010206

Top of Stack: (sp=0x000000001775b810)
0x000000001775b810:   000000001d481f60 00000000000013a4
0x000000001775b820:   0000000000000001 000000001c84a930
0x000000001775b830:   000000001775c6d8 0000000053b90410
0x000000001775b840:   000000001d288420 0000000015fe5000
0x000000001775b850:   0000000018d92090 000000001775b980
0x000000001775b860:   0000000015fe5000 0000000000000002
0x000000001775b870:   000000001775bd00 0000000053b48823
0x000000001775b880:   000000001775bd00 0000000000000001
0x000000001775b890:   0000000000000001 000000001775b928
0x000000001775b8a0:   000000001d288470 000000001d290408
0x000000001775b8b0:   00000000001ca078 0000000015fe5000
0x000000001775b8c0:   0000000000002000 000000001ca3a0f0
0x000000001775b8d0:   000000000000118b 0000000053cef3f8
0x000000001775b8e0:   0000000015fe5000 0000000000000200
0x000000001775b8f0:   000000001cdb8dd0 0000000000000002
0x000000001775b900:   000000001d288420 0000000015fe5000 

Instructions: (pc=0x0000000053b468c0)
0x0000000053b468a0:   89 74 24 40 4c 89 64 24 38 4c 89 6c 24 30 66 90
0x0000000053b468b0:   41 ff 4e 18 49 8b 46 10 41 8b 4e 18 4c 8b 2c c8
0x0000000053b468c0:   41 8b 4d 28 8b c1 c1 e8 05 41 3b 47 10 72 12 49
0x0000000053b468d0:   8b 07 8b d1 49 8b cf ff 50 18 4c 8b 54 24 70 eb 


Register to memory mapping:

RAX=0x000000001ca3a0f0 is an unknown value
RBX=0x000000001d481f60 is an unknown value
RCX=0x000000000000118b is an unknown value
RDX=0x000000001cdb8dd0 is an unknown value
RSP=0x000000001775b810 is pointing into the stack for thread: 0x000000001601d800
RBP=0x0000000000000013 is an unknown value
RSI=0x00000000000013a4 is an unknown value
RDI=0x000000001775b928 is pointing into the stack for thread: 0x000000001601d800
R8 =0x00000000000000d2 is an unknown value
R9 =0x0000000000010000 is an unknown value
R10=0x000000001775bd00 is pointing into the stack for thread: 0x000000001601d800
R11=0x000000001c838650 is an unknown value
R12=0x0000000000000001 is an unknown value
R13=0x000100001caa8e98 is an unknown value
R14=0x000000001775b8b8 is pointing into the stack for thread: 0x000000001601d800
R15=0x000000001775b8d8 is pointing into the stack for thread: 0x000000001601d800


Stack: [0x0000000017660000,0x0000000017760000],  sp=0x000000001775b810,  free space=1006k
Native frames: (J=compiled Java code, j=interpreted, Vv=VM code, C=native code)
V  [jvm.dll+0x4868c0]
V  [jvm.dll+0x488823]
V  [jvm.dll+0x43ad15]
V  [jvm.dll+0x43ba43]
V  [jvm.dll+0x41f212]
V  [jvm.dll+0x806e9]
V  [jvm.dll+0x8101f]
V  [jvm.dll+0x21bc14]
V  [jvm.dll+0x26b60a]
C  [msvcr100.dll+0x21d9f]
C  [msvcr100.dll+0x21e3b]
C  [KERNEL32.DLL+0x8364]
C  [ntdll.dll+0x670d1]


Current CompileTask:
C2:   7734 1613   !   4       java.net.URLClassLoader$1::run (63 bytes)


---------------  P R O C E S S  ---------------

Java Threads: ( => current thread )
  0x0000000018d8e000 JavaThread "Stdin handler" [_thread_blocked, id=3068, stack(0x000000001a4d0000,0x000000001a5d0000)]
  0x0000000018d8c000 JavaThread "Asynchronous log dispatcher for org.gradle.launcher.daemon.server.DefaultDaemonConnection@54bc4e4a" [_thread_blocked, id=6020, stack(0x000000001a3d0000,0x000000001a4d0000)]
  0x0000000018cc7800 JavaThread "Daemon worker" [_thread_in_native, id=6608, stack(0x000000001a2b0000,0x000000001a3b0000)]
  0x0000000018d87000 JavaThread "Cancel handler" [_thread_blocked, id=10660, stack(0x000000001a1b0000,0x000000001a2b0000)]
  0x0000000018a93000 JavaThread "Handler for socket connection from /127.0.0.1:53029 to /127.0.0.1:53030" [_thread_in_native, id=10664, stack(0x000000001a0b0000,0x000000001a1b0000)]
  0x0000000018aae800 JavaThread "Daemon" [_thread_blocked, id=8124, stack(0x0000000019fb0000,0x000000001a0b0000)]
  0x0000000018bbf000 JavaThread "pool-1-thread-1" [_thread_blocked, id=452, stack(0x0000000019eb0000,0x0000000019fb0000)]
  0x0000000018b46000 JavaThread "Incoming local TCP Connector on port 53029" [_thread_in_native, id=1536, stack(0x0000000019a70000,0x0000000019b70000)]
  0x000000001607d800 JavaThread "Service Thread" daemon [_thread_blocked, id=3140, stack(0x0000000017d60000,0x0000000017e60000)]
  0x0000000016028000 JavaThread "C1 CompilerThread2" daemon [_thread_blocked, id=8496, stack(0x0000000017860000,0x0000000017960000)]
  0x0000000016020000 JavaThread "C2 CompilerThread1" daemon [_thread_blocked, id=10860, stack(0x0000000017760000,0x0000000017860000)]
=>0x000000001601d800 JavaThread "C2 CompilerThread0" daemon [_thread_in_native, id=10744, stack(0x0000000017660000,0x0000000017760000)]
  0x000000001601a800 JavaThread "Attach Listener" daemon [_thread_blocked, id=7808, stack(0x0000000017560000,0x0000000017660000)]
  0x0000000016019800 JavaThread "Signal Dispatcher" daemon [_thread_blocked, id=2280, stack(0x0000000017460000,0x0000000017560000)]
  0x0000000016007000 JavaThread "Finalizer" daemon [_thread_blocked, id=10780, stack(0x0000000017270000,0x0000000017370000)]
  0x00000000026a0000 JavaThread "Reference Handler" daemon [_thread_blocked, id=10824, stack(0x0000000017170000,0x0000000017270000)]
  0x00000000025ae800 JavaThread "main" [_thread_blocked, id=9156, stack(0x00000000023f0000,0x00000000024f0000)]

Other Threads:
  0x0000000015fe4800 VMThread [stack: 0x0000000017070000,0x0000000017170000] [id=8768]
  0x000000001607e800 WatcherThread [stack: 0x0000000017e60000,0x0000000017f60000] [id=3100]

VM state:not at safepoint (normal execution)

VM Mutex/Monitor currently owned by a thread: None

Heap:
 PSYoungGen      total 38912K, used 13252K [0x00000000e0000000, 0x00000000e4d00000, 0x0000000100000000)
  eden space 31744K, 41% used [0x00000000e0000000,0x00000000e0cf1330,0x00000000e1f00000)
  from space 7168K, 0% used [0x00000000e1f00000,0x00000000e1f00000,0x00000000e2600000)
  to   space 7680K, 0% used [0x00000000e4580000,0x00000000e4580000,0x00000000e4d00000)
 ParOldGen       total 39936K, used 8256K [0x00000000a0000000, 0x00000000a2700000, 0x00000000e0000000)
  object space 39936K, 20% used [0x00000000a0000000,0x00000000a08103c0,0x00000000a2700000)
 Metaspace       used 21920K, capacity 22286K, committed 22528K, reserved 1069056K
  class space    used 2916K, capacity 3049K, committed 3072K, reserved 1048576K

Card table byte_map: [0x0000000011a70000,0x0000000011d80000] byte_map_base: 0x0000000011570000

Marking Bits: (ParMarkBitMap*) 0x0000000053e79d00
 Begin Bits: [0x0000000012380000, 0x0000000013b80000)
 End Bits:   [0x0000000013b80000, 0x0000000015380000)

Polling page: 0x00000000024f0000

CodeCache: size=245760Kb used=7886Kb max_used=7936Kb free=237873Kb
 bounds [0x00000000026b0000, 0x0000000002e80000, 0x00000000116b0000]
 total_blobs=2545 nmethods=1923 adapters=535
 compilation: enabled

Compilation events (10 events):
Event: 5.185 Thread 0x0000000016028000 1782       3       org.gradle.internal.service.DefaultServiceRegistry$RelevantMethodsBuilder::add (31 bytes)
Event: 5.185 Thread 0x0000000016028000 nmethod 1782 0x0000000002da5f90 code [0x0000000002da6120, 0x0000000002da65a8]
Event: 5.194 Thread 0x0000000016028000 1783       1       org.gradle.internal.service.DefaultServiceRegistry::access$1100 (5 bytes)
Event: 5.194 Thread 0x0000000016028000 nmethod 1783 0x0000000002da6750 code [0x0000000002da68a0, 0x0000000002da6990]
Event: 5.205 Thread 0x0000000016028000 1784   !   3       sun.reflect.generics.factory.CoreReflectionFactory::makeNamedType (21 bytes)
Event: 5.206 Thread 0x0000000016028000 nmethod 1784 0x0000000002da6a10 code [0x0000000002da6ba0, 0x0000000002da6e08]
Event: 5.206 Thread 0x0000000016028000 1785       3       sun.reflect.generics.factory.CoreReflectionFactory::getDeclsLoader (85 bytes)
Event: 5.208 Thread 0x0000000016028000 nmethod 1785 0x0000000002da6f50 code [0x0000000002da72a0, 0x0000000002da9558]
Event: 5.456 Thread 0x0000000016020000 nmethod 1612 0x0000000002db62d0 code [0x0000000002db6ea0, 0x0000000002dc1e08]
Event: 5.456 Thread 0x0000000016020000 1757  s!   4       sun.misc.URLClassPath::getLoader (197 bytes)

GC Heap History (10 events):
Event: 0.692 GC heap before
{Heap before GC invocations=2 (full 0):
 PSYoungGen      total 18432K, used 18402K [0x00000000e0000000, 0x00000000e1480000, 0x0000000100000000)
  eden space 15872K, 100% used [0x00000000e0000000,0x00000000e0f80000,0x00000000e0f80000)
  from space 2560K, 98% used [0x00000000e0f80000,0x00000000e11f8ae0,0x00000000e1200000)
  to   space 2560K, 0% used [0x00000000e1200000,0x00000000e1200000,0x00000000e1480000)
 ParOldGen       total 42496K, used 594K [0x00000000a0000000, 0x00000000a2980000, 0x00000000e0000000)
  object space 42496K, 1% used [0x00000000a0000000,0x00000000a0094b78,0x00000000a2980000)
 Metaspace       used 6206K, capacity 6458K, committed 6528K, reserved 1056768K
  class space    used 796K, capacity 834K, committed 896K, reserved 1048576K
Event: 0.695 GC heap after
Heap after GC invocations=2 (full 0):
 PSYoungGen      total 18432K, used 2159K [0x00000000e0000000, 0x00000000e1480000, 0x0000000100000000)
  eden space 15872K, 0% used [0x00000000e0000000,0x00000000e0000000,0x00000000e0f80000)
  from space 2560K, 84% used [0x00000000e1200000,0x00000000e141be00,0x00000000e1480000)
  to   space 2560K, 0% used [0x00000000e0f80000,0x00000000e0f80000,0x00000000e1200000)
 ParOldGen       total 42496K, used 602K [0x00000000a0000000, 0x00000000a2980000, 0x00000000e0000000)
  object space 42496K, 1% used [0x00000000a0000000,0x00000000a0096b78,0x00000000a2980000)
 Metaspace       used 6206K, capacity 6458K, committed 6528K, reserved 1056768K
  class space    used 796K, capacity 834K, committed 896K, reserved 1048576K
}
Event: 1.443 GC heap before
{Heap before GC invocations=3 (full 0):
 PSYoungGen      total 18432K, used 18031K [0x00000000e0000000, 0x00000000e1480000, 0x0000000100000000)
  eden space 15872K, 100% used [0x00000000e0000000,0x00000000e0f80000,0x00000000e0f80000)
  from space 2560K, 84% used [0x00000000e1200000,0x00000000e141be00,0x00000000e1480000)
  to   space 2560K, 0% used [0x00000000e0f80000,0x00000000e0f80000,0x00000000e1200000)
 ParOldGen       total 42496K, used 602K [0x00000000a0000000, 0x00000000a2980000, 0x00000000e0000000)
  object space 42496K, 1% used [0x00000000a0000000,0x00000000a0096b78,0x00000000a2980000)
 Metaspace       used 11206K, capacity 11584K, committed 11904K, reserved 1058816K
  class space    used 1440K, capacity 1586K, committed 1664K, reserved 1048576K
Event: 1.448 GC heap after
Heap after GC invocations=3 (full 0):
 PSYoungGen      total 18432K, used 2560K [0x00000000e0000000, 0x00000000e1480000, 0x0000000100000000)
  eden space 15872K, 0% used [0x00000000e0000000,0x00000000e0000000,0x00000000e0f80000)
  from space 2560K, 100% used [0x00000000e0f80000,0x00000000e1200000,0x00000000e1200000)
  to   space 2560K, 0% used [0x00000000e1200000,0x00000000e1200000,0x00000000e1480000)
 ParOldGen       total 42496K, used 2228K [0x00000000a0000000, 0x00000000a2980000, 0x00000000e0000000)
  object space 42496K, 5% used [0x00000000a0000000,0x00000000a022d108,0x00000000a2980000)
 Metaspace       used 11206K, capacity 11584K, committed 11904K, reserved 1058816K
  class space    used 1440K, capacity 1586K, committed 1664K, reserved 1048576K
}
Event: 1.631 GC heap before
{Heap before GC invocations=4 (full 0):
 PSYoungGen      total 18432K, used 18432K [0x00000000e0000000, 0x00000000e1480000, 0x0000000100000000)
  eden space 15872K, 100% used [0x00000000e0000000,0x00000000e0f80000,0x00000000e0f80000)
  from space 2560K, 100% used [0x00000000e0f80000,0x00000000e1200000,0x00000000e1200000)
  to   space 2560K, 0% used [0x00000000e1200000,0x00000000e1200000,0x00000000e1480000)
 ParOldGen       total 42496K, used 2228K [0x00000000a0000000, 0x00000000a2980000, 0x00000000e0000000)
  object space 42496K, 5% used [0x00000000a0000000,0x00000000a022d108,0x00000000a2980000)
 Metaspace       used 12915K, capacity 13196K, committed 13440K, reserved 1060864K
  class space    used 1733K, capacity 1844K, committed 1920K, reserved 1048576K
Event: 1.636 GC heap after
Heap after GC invocations=4 (full 0):
 PSYoungGen      total 18432K, used 2528K [0x00000000e0000000, 0x00000000e2400000, 0x0000000100000000)
  eden space 15872K, 0% used [0x00000000e0000000,0x00000000e0000000,0x00000000e0f80000)
  from space 2560K, 98% used [0x00000000e1200000,0x00000000e1478020,0x00000000e1480000)
  to   space 2560K, 0% used [0x00000000e0f80000,0x00000000e0f80000,0x00000000e1200000)
 ParOldGen       total 42496K, used 4194K [0x00000000a0000000, 0x00000000a2980000, 0x00000000e0000000)
  object space 42496K, 9% used [0x00000000a0000000,0x00000000a0418a48,0x00000000a2980000)
 Metaspace       used 12915K, capacity 13196K, committed 13440K, reserved 1060864K
  class space    used 1733K, capacity 1844K, committed 1920K, reserved 1048576K
}
Event: 1.940 GC heap before
{Heap before GC invocations=5 (full 0):
 PSYoungGen      total 18432K, used 18400K [0x00000000e0000000, 0x00000000e2400000, 0x0000000100000000)
  eden space 15872K, 100% used [0x00000000e0000000,0x00000000e0f80000,0x00000000e0f80000)
  from space 2560K, 98% used [0x00000000e1200000,0x00000000e1478020,0x00000000e1480000)
  to   space 2560K, 0% used [0x00000000e0f80000,0x00000000e0f80000,0x00000000e1200000)
 ParOldGen       total 42496K, used 4194K [0x00000000a0000000, 0x00000000a2980000, 0x00000000e0000000)
  object space 42496K, 9% used [0x00000000a0000000,0x00000000a0418a48,0x00000000a2980000)
 Metaspace       used 16930K, capacity 17292K, committed 17536K, reserved 1064960K
  class space    used 2218K, capacity 2356K, committed 2432K, reserved 1048576K
Event: 1.949 GC heap after
Heap after GC invocations=5 (full 0):
 PSYoungGen      total 18432K, used 2544K [0x00000000e0000000, 0x00000000e2d00000, 0x0000000100000000)
  eden space 15872K, 0% used [0x00000000e0000000,0x00000000e0000000,0x00000000e0f80000)
  from space 2560K, 99% used [0x00000000e0f80000,0x00000000e11fc010,0x00000000e1200000)
  to   space 7168K, 0% used [0x00000000e2600000,0x00000000e2600000,0x00000000e2d00000)
 ParOldGen       total 42496K, used 8087K [0x00000000a0000000, 0x00000000a2980000, 0x00000000e0000000)
  object space 42496K, 19% used [0x00000000a0000000,0x00000000a07e5e20,0x00000000a2980000)
 Metaspace       used 16930K, capacity 17292K, committed 17536K, reserved 1064960K
  class space    used 2218K, capacity 2356K, committed 2432K, reserved 1048576K
}
Event: 4.674 GC heap before
{Heap before GC invocations=6 (full 0):
 PSYoungGen      total 18432K, used 18066K [0x00000000e0000000, 0x00000000e2d00000, 0x0000000100000000)
  eden space 15872K, 97% used [0x00000000e0000000,0x00000000e0f288c8,0x00000000e0f80000)
  from space 2560K, 99% used [0x00000000e0f80000,0x00000000e11fc010,0x00000000e1200000)
  to   space 7168K, 0% used [0x00000000e2600000,0x00000000e2600000,0x00000000e2d00000)
 ParOldGen       total 42496K, used 8087K [0x00000000a0000000, 0x00000000a2980000, 0x00000000e0000000)
  object space 42496K, 19% used [0x00000000a0000000,0x00000000a07e5e20,0x00000000a2980000)
 Metaspace       used 18646K, capacity 18992K, committed 19328K, reserved 1067008K
  class space    used 2487K, capacity 2620K, committed 2688K, reserved 1048576K
Event: 4.685 GC heap after
Heap after GC invocations=6 (full 0):
 PSYoungGen      total 38912K, used 4949K [0x00000000e0000000, 0x00000000e2d00000, 0x0000000100000000)
  eden space 31744K, 0% used [0x00000000e0000000,0x00000000e0000000,0x00000000e1f00000)
  from space 7168K, 69% used [0x00000000e2600000,0x00000000e2ad55a0,0x00000000e2d00000)
  to   space 7168K, 0% used [0x00000000e1f00000,0x00000000e1f00000,0x00000000e2600000)
 ParOldGen       total 42496K, used 8087K [0x00000000a0000000, 0x00000000a2980000, 0x00000000e0000000)
  object space 42496K, 19% used [0x00000000a0000000,0x00000000a07e5e20,0x00000000a2980000)
 Metaspace       used 18646K, capacity 18992K, committed 19328K, reserved 1067008K
  class space    used 2487K, capacity 2620K, committed 2688K, reserved 1048576K
}

Deoptimization events (10 events):
Event: 4.549 Thread 0x0000000018cc7800 Uncommon trap: reason=class_check action=maybe_recompile pc=0x0000000002a3eba4 method=sun.misc.URLClassPath.getLoader(I)Lsun/misc/URLClassPath$Loader; @ 94
Event: 4.549 Thread 0x0000000018cc7800 Uncommon trap: reason=class_check action=maybe_recompile pc=0x0000000002bcce34 method=sun.misc.URLClassPath.getResource(Ljava/lang/String;Z)Lsun/misc/Resource; @ 62
Event: 4.550 Thread 0x0000000018cc7800 Uncommon trap: reason=bimorphic action=maybe_recompile pc=0x0000000002b20824 method=java.lang.ClassLoader.loadClass(Ljava/lang/String;Z)Ljava/lang/Class; @ 38
Event: 4.550 Thread 0x0000000018cc7800 Uncommon trap: reason=bimorphic action=maybe_recompile pc=0x0000000002b20824 method=java.lang.ClassLoader.loadClass(Ljava/lang/String;Z)Ljava/lang/Class; @ 38
Event: 4.587 Thread 0x0000000018cc7800 Uncommon trap: reason=class_check action=maybe_recompile pc=0x0000000002a3ecd8 method=sun.misc.URLClassPath.getLoader(I)Lsun/misc/URLClassPath$Loader; @ 193
Event: 4.623 Thread 0x0000000018cc7800 Uncommon trap: reason=class_check action=maybe_recompile pc=0x0000000002a3ecd8 method=sun.misc.URLClassPath.getLoader(I)Lsun/misc/URLClassPath$Loader; @ 193
Event: 4.649 Thread 0x0000000018cc7800 Uncommon trap: reason=class_check action=maybe_recompile pc=0x0000000002a3ecd8 method=sun.misc.URLClassPath.getLoader(I)Lsun/misc/URLClassPath$Loader; @ 193
Event: 4.797 Thread 0x0000000018cc7800 Uncommon trap: reason=unstable_if action=reinterpret pc=0x00000000028038c8 method=java.net.URI.match(CJJ)Z @ 19
Event: 4.940 Thread 0x0000000018cc7800 Uncommon trap: reason=class_check action=maybe_recompile pc=0x0000000002a38828 method=sun.misc.URLClassPath.getLoader(I)Lsun/misc/URLClassPath$Loader; @ 94
Event: 5.465 Thread 0x0000000018cc7800 Uncommon trap: reason=unstable_if action=reinterpret pc=0x0000000002adf9e0 method=java.util.HashMap.hash(Ljava/lang/Object;)I @ 1

Internal exceptions (10 events):
Event: 4.947 Thread 0x0000000018cc7800 Exception <a 'java/lang/ClassNotFoundException': org/gradle/initialization/SettingsScriptBeanInfo> (0x00000000e061f9d0) thrown at [C:\src\android\AOSP-openjdk\external\jetbrains\jdk\hotspot\src\share\vm\classfile\systemDictionary.cpp, line 210]
Event: 4.948 Thread 0x0000000018cc7800 Exception <a 'java/lang/ClassNotFoundException': org/gradle/initialization/SettingsScriptCustomizer> (0x00000000e062dc78) thrown at [C:\src\android\AOSP-openjdk\external\jetbrains\jdk\hotspot\src\share\vm\classfile\systemDictionary.cpp, line 210]
Event: 4.949 Thread 0x0000000018cc7800 Exception <a 'java/lang/ClassNotFoundException': settings_c5atxaorvhlzdgvez8j6n68zsCustomizer> (0x00000000e063ea58) thrown at [C:\src\android\AOSP-openjdk\external\jetbrains\jdk\hotspot\src\share\vm\classfile\systemDictionary.cpp, line 210]
Event: 4.955 Thread 0x0000000018cc7800 Exception <a 'java/lang/ClassNotFoundException': org/gradle/initialization/DefaultSettings_DecoratedBeanInfo> (0x00000000e06a88d8) thrown at [C:\src\android\AOSP-openjdk\external\jetbrains\jdk\hotspot\src\share\vm\classfile\systemDictionary.cpp, line 210]
Event: 4.956 Thread 0x0000000018cc7800 Exception <a 'java/lang/ClassNotFoundException': org/gradle/initialization/DefaultSettingsBeanInfo> (0x00000000e06c4ca0) thrown at [C:\src\android\AOSP-openjdk\external\jetbrains\jdk\hotspot\src\share\vm\classfile\systemDictionary.cpp, line 210]
Event: 4.956 Thread 0x0000000018cc7800 Exception <a 'java/lang/ClassNotFoundException': org/gradle/initialization/BaseSettingsBeanInfo> (0x00000000e06e0098) thrown at [C:\src\android\AOSP-openjdk\external\jetbrains\jdk\hotspot\src\share\vm\classfile\systemDictionary.cpp, line 210]
Event: 4.957 Thread 0x0000000018cc7800 Exception <a 'java/lang/ClassNotFoundException': org/gradle/initialization/BaseSettingsCustomizer> (0x00000000e06fc2e0) thrown at [C:\src\android\AOSP-openjdk\external\jetbrains\jdk\hotspot\src\share\vm\classfile\systemDictionary.cpp, line 210]
Event: 4.960 Thread 0x0000000018cc7800 Exception <a 'java/lang/ClassNotFoundException': org/gradle/initialization/DefaultSettingsCustomizer> (0x00000000e073edc8) thrown at [C:\src\android\AOSP-openjdk\external\jetbrains\jdk\hotspot\src\share\vm\classfile\systemDictionary.cpp, line 210]
Event: 4.962 Thread 0x0000000018cc7800 Exception <a 'java/lang/ClassNotFoundException': org/gradle/initialization/DefaultSettings_DecoratedCustomizer> (0x00000000e0765478) thrown at [C:\src\android\AOSP-openjdk\external\jetbrains\jdk\hotspot\src\share\vm\classfile\systemDictionary.cpp, line 210ÉýÅõÜ@
Event: 5.465 Thread 0x0000000018cc7800 Implicit null exception at 0x0000000002adf7d5 to 0x0000000002adf9d1

Events (10 events):
Event: 5.464 loading class com/google/common/reflect/TypeResolver$WildcardCapturer
Event: 5.464 loading class com/google/common/reflect/TypeResolver$WildcardCapturer done
Event: 5.464 loading class org/gradle/model/ModelSet
Event: 5.464 loading class org/gradle/model/ModelSet done
Event: 5.465 loading class com/google/common/reflect/TypeResolver$TypeVariableKey
Event: 5.465 loading class com/google/common/reflect/TypeResolver$TypeVariableKey done
Event: 5.465 Thread 0x0000000018cc7800 Uncommon trap: trap_request=0xffffff65 fr.pc=0x0000000002adf9e0
Event: 5.465 Thread 0x0000000018cc7800 DEOPT PACKING pc=0x0000000002adf9e0 sp=0x000000001a3a9260
Event: 5.465 Thread 0x0000000018cc7800 DEOPT UNPACKING pc=0x00000000026f556a sp=0x000000001a3a91a8 mode 2
Event: 5.465 loading class java/util/EnumMap


Dynamic libraries:
0x00007ff7759f0000 - 0x00007ff775a21000 	C:\Android\android\jre\bin\java.exe
0x00007ffea32c0000 - 0x00007ffea3491000 	C:\WINDOWS\SYSTEM32\ntdll.dll
0x00007ffea1630000 - 0x00007ffea16db000 	C:\WINDOWS\System32\KERNEL32.DLL
0x00007ffea0340000 - 0x00007ffea055d000 	C:\WINDOWS\System32\KERNELBASE.dll
0x00007ffea16e0000 - 0x00007ffea1782000 	C:\WINDOWS\System32\ADVAPI32.dll
0x00007ffea1550000 - 0x00007ffea15ee000 	C:\WINDOWS\System32\msvcrt.dll
0x00007ffea1800000 - 0x00007ffea1859000 	C:\WINDOWS\System32\sechost.dll
0x00007ffea0850000 - 0x00007ffea0971000 	C:\WINDOWS\System32\RPCRT4.dll
0x00007ffea30e0000 - 0x00007ffea3245000 	C:\WINDOWS\System32\USER32.dll
0x00007ffea05d0000 - 0x00007ffea05ee000 	C:\WINDOWS\System32\win32u.dll
0x00007ffea15f0000 - 0x00007ffea1624000 	C:\WINDOWS\System32\GDI32.dll
0x00007ffe9f7b0000 - 0x00007ffe9f932000 	C:\WINDOWS\System32\gdi32full.dll
0x00007ffe971f0000 - 0x00007ffe9746a000 	C:\WINDOWS\WinSxS\amd64_microsoft.windows.common-controls_6595b64144ccf1df_6.0.14393.953_none_42151e83c686086b\COMCTL32.dll
0x00007ffea10e0000 - 0x00007ffea13a8000 	C:\WINDOWS\System32\combase.dll
0x00007ffe9fb60000 - 0x00007ffe9fc55000 	C:\WINDOWS\System32\ucrtbase.dll
0x00007ffea0560000 - 0x00007ffea05ca000 	C:\WINDOWS\System32\bcryptPrimitives.dll
0x00007ffea1480000 - 0x00007ffea14ae000 	C:\WINDOWS\System32\IMM32.DLL
0x0000000053500000 - 0x00000000535d2000 	C:\Android\android\jre\jre\bin\msvcr100.dll
0x00000000536c0000 - 0x0000000053ef4000 	C:\Android\android\jre\jre\bin\server\jvm.dll
0x00007ffea0980000 - 0x00007ffea0988000 	C:\WINDOWS\System32\PSAPI.DLL
0x00007ffe9cd60000 - 0x00007ffe9cd83000 	C:\WINDOWS\SYSTEM32\WINMM.dll
0x00007ffe89ca0000 - 0x00007ffe89ca9000 	C:\WINDOWS\SYSTEM32\WSOCK32.dll
0x00007ffe9dc60000 - 0x00007ffe9dc6a000 	C:\WINDOWS\SYSTEM32\VERSION.dll
0x00007ffea19a0000 - 0x00007ffea1a0a000 	C:\WINDOWS\System32\WS2_32.dll
0x0000000002390000 - 0x00000000023bb000 	C:\WINDOWS\SYSTEM32\WINMMBASE.dll
0x00007ffe9fb10000 - 0x00007ffe9fb52000 	C:\WINDOWS\System32\cfgmgr32.dll
0x00007ffe93f20000 - 0x00007ffe93f2f000 	C:\Android\android\jre\jre\bin\verify.dll
0x00007ffe887e0000 - 0x00007ffe88809000 	C:\Android\android\jre\jre\bin\java.dll
0x00007ffe89600000 - 0x00007ffe89616000 	C:\Android\android\jre\jre\bin\zip.dll
0x00007ffea1bb0000 - 0x00007ffea30b8000 	C:\WINDOWS\System32\SHELL32.dll
0x00007ffe9fc60000 - 0x00007ffea033a000 	C:\WINDOWS\System32\windows.storage.dll
0x00007ffe9f750000 - 0x00007ffe9f79c000 	C:\WINDOWS\System32\powrprof.dll
0x00007ffea1420000 - 0x00007ffea1472000 	C:\WINDOWS\System32\shlwapi.dll
0x00007ffe9f740000 - 0x00007ffe9f74f000 	C:\WINDOWS\System32\kernel.appcore.dll
0x00007ffea0690000 - 0x00007ffea0739000 	C:\WINDOWS\System32\shcore.dll
0x00007ffe9f720000 - 0x00007ffe9f734000 	C:\WINDOWS\System32\profapi.dll
0x00007ffe888d0000 - 0x00007ffe888ea000 	C:\Android\android\jre\jre\bin\net.dll
0x00007ffe9ecf0000 - 0x00007ffe9ed4c000 	C:\WINDOWS\system32\mswsock.dll
0x00007ffe86d50000 - 0x00007ffe86d61000 	C:\Android\android\jre\jre\bin\nio.dll
0x00007ffe99440000 - 0x00007ffe99452000 	C:\Users\vadim\.gradle\native\19\windows-amd64\native-platform.dll
0x00007ffe9f0e0000 - 0x00007ffe9f0f7000 	C:\WINDOWS\SYSTEM32\CRYPTSP.dll
0x00007ffe9e8f0000 - 0x00007ffe9e923000 	C:\WINDOWS\system32\rsaenh.dll
0x00007ffe9f660000 - 0x00007ffe9f68b000 	C:\WINDOWS\SYSTEM32\bcrypt.dll
0x00007ffe9eb70000 - 0x00007ffe9eb8f000 	C:\WINDOWS\SYSTEM32\USERENV.dll
0x00007ffe9f650000 - 0x00007ffe9f65b000 	C:\WINDOWS\SYSTEM32\CRYPTBASE.dll
0x00007ffe9ea70000 - 0x00007ffe9eaa8000 	C:\WINDOWS\SYSTEM32\IPHLPAPI.DLL
0x00007ffea32b0000 - 0x00007ffea32b8000 	C:\WINDOWS\System32\NSI.dll
0x00007ffe98fa0000 - 0x00007ffe98fb6000 	C:\WINDOWS\SYSTEM32\dhcpcsvc6.DLL
0x00007ffe98f40000 - 0x00007ffe98f5a000 	C:\WINDOWS\SYSTEM32\dhcpcsvc.DLL
0x00007ffe93800000 - 0x00007ffe9380d000 	C:\Android\android\jre\jre\bin\management.dll
0x00007ffe9f390000 - 0x00007ffe9f522000 	C:\WINDOWS\SYSTEM32\dbghelp.dll

VM Arguments:
jvm_args: -Xmx1536m -Dfile.encoding=windows-1251 -Duser.country=RU -Duser.language=ru -Duser.variant 
java_command: org.gradle.launcher.daemon.bootstrap.GradleDaemon 2.14.1
java_class_path (initial): C:\Android\android\gradle\gradle-2.14.1\lib\gradle-launcher-2.14.1.jar
Launcher Type: SUN_STANDARD

Environment Variables:
PATH=C:\ProgramData\Oracle\Java\javapath;C:\WINDOWS\system32;C:\WINDOWS;C:\WINDOWS\System32\Wbem;C:\WINDOWS\System32\WindowsPowerShell\v1.0\;C:\Program Files (x86)\Skype\Phone\;C:\Users\vadim\AppData\Local\Microsoft\WindowsApps;
USERNAME=vadim
OS=Windows_NT
PROCESSOR_IDENTIFIER=Intel64 Family 6 Model 58 Stepping 9, GenuineIntel



---------------  S Y S T E M  ---------------

OS: Windows 10.0 , 64 bit Build 14393 (10.0.14393.0)

CPU:total 4 (2 cores per cpu, 2 threads per core) family 6 model 58 stepping 9, cmov, cx8, fxsr, mmx, sse, sse2, sse3, ssse3, sse4.1, sse4.2, popcnt, avx, aes, clmul, erms, ht, tsc, tscinvbit, tscinv

Memory: 4k page, physical 4005144k(589432k free), swap 6960876k(1666268k free)

vm_info: OpenJDK 64-Bit Server VM (25.76-b03) for windows-amd64 JRE (1.8.0_76-release-b03), built on Jun 29 2016 19:09:20 by "ralucas" with MS VC++ 10.0 (VS2010)

time: Wed Apr 26 12:23:55 2017
elapsed time: 7 seconds (0d 0h 0m 7s)

